<?xml version="1.0" encoding="UTF-8"?>
<!-- Generated by org.testng.reporters.JUnitXMLReporter -->
<testsuite ignored="2" hostname="LAPTOP-GHCP6T0U" failures="0" tests="1" name="Test" time="0.052" errors="0" timestamp="2020-08-24T23:42:45 PDT">
  <testcase classname="com.testNG.DependsUponGroups" name="testcase3" time="0.008"/>
  <testcase classname="com.testNG.DependsUponGroups" name="testcase1" time="0.0">
    <ignored/>
  </testcase> <!-- testcase1 -->
  <testcase classname="com.testNG.DependsUponGroups" name="testcase2" time="0.0">
    <ignored/>
  </testcase> <!-- testcase2 -->
</testsuite> <!-- Test -->
